Current Configuration ...
! Version 9.8(0.0)
! Last configuration change at Fri May 15 13:56:28 2015 by root
! Startup-config last updated at Fri May 15 13:56:28 2015 by root
!
boot system stack-unit 0 primary system: A:
boot system stack-unit 0 secondary system: B:
boot system stack-unit 0 default system: B:
!
redundancy auto-synchronize full
!
logging console critical
!
hostname FTOS
!
username root password 7 d7acc8a1dcd4f698 privilege 15
mac-address-table aging-time 300
!
stack-unit 0 provision I/O-Aggregator
!
stack-unit 0 port 33 portmode quad
!
stack-unit 0 port 37 portmode quad
!
stack-unit 0 port 49 portmode quad
!
stack-unit 0 port 53 portmode quad
!
interface TenGigabitEthernet 0/1
 mtu 12000
 portmode hybrid
 flowcontrol rx on tx off
 dcb-map DCB_MAP_PFC_OFF
!
 protocol lldp
  advertise management-tlv management-address system-name
  dcbx port-role auto-downstream
 no shutdown
!
interface TenGigabitEthernet 0/2
 mtu 12000
 switchport
!
 protocol lldp
  advertise management-tlv management-address system-name
  dcbx port-role auto-downstream
 no shutdown
!
interface TenGigabitEthernet 0/3
 mtu 12000
 portmode hybrid
 switchport
 vlan tagged 20,23,28
 vlan untagged 18
!
 protocol lldp
  advertise management-tlv management-address system-name
  dcbx port-role auto-downstream
 no shutdown
!
interface TenGigabitEthernet 0/4
 mtu 12000
 portmode hybrid
 switchport
 vlan tagged 20,23-24,28
 vlan untagged 18
 flowcontrol rx on tx off
 dcb-map DCB_MAP_PFC_OFF
!
 protocol lldp
  advertise management-tlv management-address system-name
  dcbx port-role auto-downstream
 no shutdown
!
interface TenGigabitEthernet 0/5
 mtu 12000
 portmode hybrid
 switchport
 vlan tagged 16,20,23,28
 vlan untagged 18
 flowcontrol rx on tx off
 dcb-map DCB_MAP_PFC_OFF
!
 protocol lldp
  advertise management-tlv management-address system-name
  dcbx port-role auto-downstream
!
interface TenGigabitEthernet 0/6
 mtu 12000
 portmode hybrid
 switchport
 vlan tagged 20,23-24,28
 vlan untagged 18
!
 protocol lldp
  advertise management-tlv management-address system-name
  dcbx port-role auto-downstream
 no shutdown
!
interface TenGigabitEthernet 0/7
 mtu 12000
 portmode hybrid
 switchport
 vlan tagged 20,23-24,28
 vlan untagged 18
!
 protocol lldp
  advertise management-tlv management-address system-name
  dcbx port-role auto-downstream
 no shutdown
!
interface TenGigabitEthernet 0/8
 mtu 12000
 portmode hybrid
 switchport
 flowcontrol rx on tx off
 dcb-map DCB_MAP_PFC_OFF
!
 protocol lldp
  advertise management-tlv management-address system-name
  dcbx port-role auto-downstream
 no shutdown
!
interface TenGigabitEthernet 0/9
 mtu 12000
 portmode hybrid
 switchport
 flowcontrol rx on tx off
 dcb-map DCB_MAP_PFC_OFF
!
 protocol lldp
  advertise management-tlv management-address system-name
  dcbx port-role auto-downstream
 no shutdown
!
interface TenGigabitEthernet 0/10
 mtu 12000
 portmode hybrid
 switchport
 flowcontrol rx on tx off
 dcb-map DCB_MAP_PFC_OFF
!
 protocol lldp
  advertise management-tlv management-address system-name
  dcbx port-role auto-downstream
 no shutdown
!
interface TenGigabitEthernet 0/11
 mtu 12000
 portmode hybrid
 switchport
 flowcontrol rx on tx off
 dcb-map DCB_MAP_PFC_OFF
!
 protocol lldp
  advertise management-tlv management-address system-name
  dcbx port-role auto-downstream
 no shutdown
!
interface TenGigabitEthernet 0/12
 mtu 12000
 portmode hybrid
 switchport
 auto vlan
 flowcontrol rx on tx off
 dcb-map DCB_MAP_PFC_OFF
!
 protocol lldp
  advertise management-tlv management-address system-name
  dcbx port-role auto-downstream
 no shutdown
!
interface TenGigabitEthernet 0/13
 mtu 12000
 portmode hybrid
 switchport
 auto vlan
 flowcontrol rx on tx off
 dcb-map DCB_MAP_PFC_OFF
!
 protocol lldp
  advertise management-tlv management-address system-name
  dcbx port-role auto-downstream
 no shutdown
!
interface TenGigabitEthernet 0/14
 mtu 12000
 portmode hybrid
 switchport
 auto vlan
 flowcontrol rx on tx off
 dcb-map DCB_MAP_PFC_OFF
!
 protocol lldp
  advertise management-tlv management-address system-name
  dcbx port-role auto-downstream
 no shutdown
!
interface TenGigabitEthernet 0/15
 mtu 12000
 portmode hybrid
 switchport
 flowcontrol rx on tx off
 dcb-map DCB_MAP_PFC_OFF
!
 protocol lldp
  advertise management-tlv management-address system-name
  dcbx port-role auto-downstream
 no shutdown
!
interface TenGigabitEthernet 0/16
 mtu 12000
 portmode hybrid
 switchport
 flowcontrol rx on tx off
 dcb-map DCB_MAP_PFC_OFF
!
 protocol lldp
  advertise management-tlv management-address system-name
  dcbx port-role auto-downstream
 no shutdown
!
interface TenGigabitEthernet 0/17
 mtu 12000
 portmode hybrid
 switchport
 auto vlan
 flowcontrol rx on tx off
 dcb-map DCB_MAP_PFC_OFF
!
 protocol lldp
  advertise management-tlv management-address system-name
  dcbx port-role auto-downstream
 no shutdown
!
interface TenGigabitEthernet 0/18
 mtu 12000
 portmode hybrid
 switchport
 auto vlan
 flowcontrol rx on tx off
 dcb-map DCB_MAP_PFC_OFF
!
 protocol lldp
  advertise management-tlv management-address system-name
  dcbx port-role auto-downstream
 no shutdown
!
interface TenGigabitEthernet 0/19
 mtu 12000
 portmode hybrid
 switchport
 auto vlan
 flowcontrol rx on tx off
 dcb-map DCB_MAP_PFC_OFF
!
 protocol lldp
  advertise management-tlv management-address system-name
  dcbx port-role auto-downstream
 no shutdown
!
interface TenGigabitEthernet 0/20
 mtu 12000
 portmode hybrid
 switchport
 auto vlan
 flowcontrol rx on tx off
 dcb-map DCB_MAP_PFC_OFF
!
 protocol lldp
  advertise management-tlv management-address system-name
  dcbx port-role auto-downstream
 no shutdown
!
interface TenGigabitEthernet 0/21
 mtu 12000
 portmode hybrid
 switchport
 auto vlan
 flowcontrol rx on tx off
 dcb-map DCB_MAP_PFC_OFF
!
 protocol lldp
  advertise management-tlv management-address system-name
  dcbx port-role auto-downstream
 no shutdown
!
interface TenGigabitEthernet 0/22
 mtu 12000
 portmode hybrid
 switchport
 auto vlan
 flowcontrol rx on tx off
 dcb-map DCB_MAP_PFC_OFF
!
 protocol lldp
  advertise management-tlv management-address system-name
  dcbx port-role auto-downstream
 no shutdown
!
interface TenGigabitEthernet 0/23
 mtu 12000
 portmode hybrid
 switchport
 auto vlan
 flowcontrol rx on tx off
 dcb-map DCB_MAP_PFC_OFF
!
 protocol lldp
  advertise management-tlv management-address system-name
  dcbx port-role auto-downstream
 no shutdown
!
interface TenGigabitEthernet 0/24
 mtu 12000
 portmode hybrid
 switchport
 auto vlan
 flowcontrol rx on tx off
 dcb-map DCB_MAP_PFC_OFF
!
 protocol lldp
  advertise management-tlv management-address system-name
  dcbx port-role auto-downstream
 no shutdown
!
interface TenGigabitEthernet 0/25
 mtu 12000
 portmode hybrid
 switchport
 auto vlan
 flowcontrol rx on tx off
 dcb-map DCB_MAP_PFC_OFF
!
 protocol lldp
  advertise management-tlv management-address system-name
  dcbx port-role auto-downstream
 no shutdown
!
interface TenGigabitEthernet 0/26
 mtu 12000
 portmode hybrid
 switchport
 auto vlan
 flowcontrol rx on tx off
 dcb-map DCB_MAP_PFC_OFF
!
 protocol lldp
  advertise management-tlv management-address system-name
  dcbx port-role auto-downstream
 no shutdown
!
interface TenGigabitEthernet 0/27
 mtu 12000
 portmode hybrid
 switchport
 auto vlan
 flowcontrol rx on tx off
 dcb-map DCB_MAP_PFC_OFF
!
 protocol lldp
  advertise management-tlv management-address system-name
  dcbx port-role auto-downstream
 no shutdown
!
interface TenGigabitEthernet 0/28
 mtu 12000
 portmode hybrid
 switchport
 auto vlan
 flowcontrol rx on tx off
 dcb-map DCB_MAP_PFC_OFF
!
 protocol lldp
  advertise management-tlv management-address system-name
  dcbx port-role auto-downstream
 no shutdown
!
interface TenGigabitEthernet 0/29
 mtu 12000
 portmode hybrid
 switchport
 auto vlan
 flowcontrol rx on tx off
 dcb-map DCB_MAP_PFC_OFF
!
 protocol lldp
  advertise management-tlv management-address system-name
  dcbx port-role auto-downstream
 no shutdown
!
interface TenGigabitEthernet 0/30
 mtu 12000
 portmode hybrid
 switchport
 auto vlan
 flowcontrol rx on tx off
 dcb-map DCB_MAP_PFC_OFF
!
 protocol lldp
  advertise management-tlv management-address system-name
  dcbx port-role auto-downstream
 no shutdown
!
interface TenGigabitEthernet 0/31
 mtu 12000
 portmode hybrid
 switchport
 auto vlan
 flowcontrol rx on tx off
 dcb-map DCB_MAP_PFC_OFF
!
 protocol lldp
  advertise management-tlv management-address system-name
  dcbx port-role auto-downstream
 no shutdown
!
interface TenGigabitEthernet 0/32
 mtu 12000
 portmode hybrid
 switchport
 auto vlan
 flowcontrol rx on tx off
 dcb-map DCB_MAP_PFC_OFF
!
 protocol lldp
  advertise management-tlv management-address system-name
  dcbx port-role auto-downstream
 no shutdown
!
interface TenGigabitEthernet 0/33
 mtu 12000
 flowcontrol rx on tx off
 dcb-map DCB_MAP_PFC_OFF
!
 port-channel-protocol LACP
  port-channel 128 mode active
!
 protocol lldp
  advertise management-tlv management-address system-name
  no advertise dcbx-tlv ets-reco
  dcbx port-role auto-upstream
 no shutdown
!
interface TenGigabitEthernet 0/34
 mtu 12000
 flowcontrol rx on tx off
 dcb-map DCB_MAP_PFC_OFF
!
 port-channel-protocol LACP
  port-channel 128 mode active
!
 protocol lldp
  advertise management-tlv management-address system-name
  no advertise dcbx-tlv ets-reco
  dcbx port-role auto-upstream
 no shutdown
!
interface TenGigabitEthernet 0/35
 mtu 12000
 flowcontrol rx on tx off
 dcb-map DCB_MAP_PFC_OFF
!
 port-channel-protocol LACP
  port-channel 128 mode active
!
 protocol lldp
  advertise management-tlv management-address system-name
  no advertise dcbx-tlv ets-reco
  dcbx port-role auto-upstream
 no shutdown
!
interface TenGigabitEthernet 0/36
 mtu 12000
 flowcontrol rx on tx off
 dcb-map DCB_MAP_PFC_OFF
!
 port-channel-protocol LACP
  port-channel 128 mode active
!
 protocol lldp
  advertise management-tlv management-address system-name
  no advertise dcbx-tlv ets-reco
  dcbx port-role auto-upstream
 no shutdown
!
interface TenGigabitEthernet 0/37
 mtu 12000
 flowcontrol rx on tx off
 dcb-map DCB_MAP_PFC_OFF
!
 port-channel-protocol LACP
  port-channel 128 mode active
!
 protocol lldp
  advertise management-tlv management-address system-name
  no advertise dcbx-tlv ets-reco
  dcbx port-role auto-upstream
 no shutdown
!
interface TenGigabitEthernet 0/38
 mtu 12000
 flowcontrol rx on tx off
 dcb-map DCB_MAP_PFC_OFF
!
 port-channel-protocol LACP
  port-channel 128 mode active
!
 protocol lldp
  advertise management-tlv management-address system-name
  no advertise dcbx-tlv ets-reco
  dcbx port-role auto-upstream
 no shutdown
!
interface TenGigabitEthernet 0/39
 mtu 12000
 flowcontrol rx on tx off
 dcb-map DCB_MAP_PFC_OFF
!
 port-channel-protocol LACP
  port-channel 128 mode active
!
 protocol lldp
  advertise management-tlv management-address system-name
  no advertise dcbx-tlv ets-reco
  dcbx port-role auto-upstream
 no shutdown
!
interface TenGigabitEthernet 0/40
 mtu 12000
 flowcontrol rx on tx off
 dcb-map DCB_MAP_PFC_OFF
!
 port-channel-protocol LACP
  port-channel 128 mode active
!
 protocol lldp
  advertise management-tlv management-address system-name
  no advertise dcbx-tlv ets-reco
  dcbx port-role auto-upstream
 no shutdown
!
interface TenGigabitEthernet 0/41
 mtu 12000
 flowcontrol rx on tx off
 dcb-map DCB_MAP_PFC_OFF
!
 port-channel-protocol LACP
  port-channel 128 mode active
!
 protocol lldp
  advertise management-tlv management-address system-name
  no advertise dcbx-tlv ets-reco
  dcbx port-role auto-upstream
 no shutdown
!
interface TenGigabitEthernet 0/42
 mtu 12000
 flowcontrol rx on tx off
 dcb-map DCB_MAP_PFC_OFF
!
 port-channel-protocol LACP
  port-channel 128 mode active
!
 protocol lldp
  advertise management-tlv management-address system-name
  no advertise dcbx-tlv ets-reco
  dcbx port-role auto-upstream
 no shutdown
!
interface TenGigabitEthernet 0/43
 mtu 12000
 flowcontrol rx on tx off
 dcb-map DCB_MAP_PFC_OFF
!
 port-channel-protocol LACP
  port-channel 128 mode active
!
 protocol lldp
  advertise management-tlv management-address system-name
  no advertise dcbx-tlv ets-reco
  dcbx port-role auto-upstream
 no shutdown
!
interface TenGigabitEthernet 0/44
 mtu 12000
 flowcontrol rx on tx off
 dcb-map DCB_MAP_PFC_OFF
!
 port-channel-protocol LACP
  port-channel 128 mode active
!
 protocol lldp
  advertise management-tlv management-address system-name
  no advertise dcbx-tlv ets-reco
  dcbx port-role auto-upstream
 no shutdown
!
interface TenGigabitEthernet 0/49
 mtu 12000
 flowcontrol rx on tx off
 dcb-map DCB_MAP_PFC_OFF
!
 port-channel-protocol LACP
  port-channel 128 mode active
!
 protocol lldp
  advertise management-tlv management-address system-name
  no advertise dcbx-tlv ets-reco
  dcbx port-role auto-upstream
 no shutdown
!
interface TenGigabitEthernet 0/50
 mtu 12000
 flowcontrol rx on tx off
 dcb-map DCB_MAP_PFC_OFF
!
 port-channel-protocol LACP
  port-channel 128 mode active
!
 protocol lldp
  advertise management-tlv management-address system-name
  no advertise dcbx-tlv ets-reco
  dcbx port-role auto-upstream
 no shutdown
!
interface TenGigabitEthernet 0/51
 mtu 12000
 flowcontrol rx on tx off
 dcb-map DCB_MAP_PFC_OFF
!
 port-channel-protocol LACP
  port-channel 128 mode active
!
 protocol lldp
  advertise management-tlv management-address system-name
  no advertise dcbx-tlv ets-reco
  dcbx port-role auto-upstream
 no shutdown
!
interface TenGigabitEthernet 0/52
 mtu 12000
 flowcontrol rx on tx off
 dcb-map DCB_MAP_PFC_OFF
!
 port-channel-protocol LACP
  port-channel 128 mode active
!
 protocol lldp
  advertise management-tlv management-address system-name
  no advertise dcbx-tlv ets-reco
  dcbx port-role auto-upstream
 no shutdown
!
interface TenGigabitEthernet 0/53
 mtu 12000
 flowcontrol rx on tx off
 dcb-map DCB_MAP_PFC_OFF
!
 port-channel-protocol LACP
  port-channel 128 mode active
!
 protocol lldp
  advertise management-tlv management-address system-name
  no advertise dcbx-tlv ets-reco
  dcbx port-role auto-upstream
 no shutdown
!
interface TenGigabitEthernet 0/54
 mtu 12000
 flowcontrol rx on tx off
 dcb-map DCB_MAP_PFC_OFF
!
 port-channel-protocol LACP
  port-channel 128 mode active
!
 protocol lldp
  advertise management-tlv management-address system-name
  no advertise dcbx-tlv ets-reco
  dcbx port-role auto-upstream
 no shutdown
!
interface TenGigabitEthernet 0/55
 mtu 12000
 flowcontrol rx on tx off
 dcb-map DCB_MAP_PFC_OFF
!
 port-channel-protocol LACP
  port-channel 128 mode active
!
 protocol lldp
  advertise management-tlv management-address system-name
  no advertise dcbx-tlv ets-reco
  dcbx port-role auto-upstream
 no shutdown
!
interface TenGigabitEthernet 0/56
 mtu 12000
 flowcontrol rx on tx off
 dcb-map DCB_MAP_PFC_OFF
!
 port-channel-protocol LACP
  port-channel 128 mode active
!
 protocol lldp
  advertise management-tlv management-address system-name
  no advertise dcbx-tlv ets-reco
  dcbx port-role auto-upstream
 no shutdown
!
interface ManagementEthernet 0/0
 ip address dhcp
 no shutdown
!
interface Port-channel 128
 mtu 12000
 portmode hybrid
 switchport
 fip-snooping port-mode fcf
 no shutdown
 link-bundle-monitor enable
!
interface Vlan 1
 ip address dhcp
 mtu 2500
 no shutdown
!
interface Vlan 2
 mtu 2500
 no shutdown
!
interface Vlan 3
 mtu 2500
 no shutdown
!
interface Vlan 4
 mtu 2500
 no shutdown
!
interface Vlan 5
 mtu 2500
 no shutdown
!
interface Vlan 6
 mtu 2500
 no shutdown
!
interface Vlan 7
 mtu 2500
 no shutdown
!
interface Vlan 8
 mtu 2500
 no shutdown
!
interface Vlan 9
 mtu 2500
 no shutdown
!
interface Vlan 10
 mtu 2500
 no shutdown
!
interface Vlan 11
 mtu 2500
 no shutdown
!
interface Vlan 12
 mtu 2500
 no shutdown
!
interface Vlan 13
 mtu 2500
 no shutdown
!
interface Vlan 14
 mtu 2500
 no shutdown
!
interface Vlan 15
 mtu 2500
 no shutdown
!
interface Vlan 16
 mtu 2500
 no shutdown
!
interface Vlan 17
 mtu 2500
 no shutdown
!
interface Vlan 18
 mtu 2500
 no shutdown
!
interface Vlan 19
 mtu 2500
 no shutdown
!
interface Vlan 20
 mtu 2500
 no shutdown
!
interface Vlan 21
 mtu 2500
 no shutdown
!
interface Vlan 22
 mtu 2500
 no shutdown
!
interface Vlan 23
 mtu 2500
 no shutdown
!
interface Vlan 24
 mtu 2500
 no shutdown
!
interface Vlan 25
 mtu 2500
 no shutdown
!
interface Vlan 28
 mtu 2500
 no shutdown
!
service-class dynamic dot1p
!
snmp-server community public ro
!
ip ssh server version 2
!
ip igmp snooping enable
!
dcb-map DCB_MAP_PFC_OFF
 no pfc mode on
!
dcb-map FLEXIO_DCB_MAP_PFC_OFF
 no pfc mode on
!
feature fip-snooping
fip-snooping enable
!
protocol lldp
!
line console 0
line vty 0
line vty 1
line vty 2
line vty 3
line vty 4
line vty 5
line vty 6
line vty 7
line vty 8
line vty 9
!
uplink-state-group 1
 downstream TenGigabitEthernet 0/1-32
 upstream Port-channel 128
!
reload-type
 boot-type normal-reload
!
end